<?xml version="1.0" ?>
<!DOCTYPE coverage
  SYSTEM 'http://cobertura.sourceforge.net/xml/coverage-03.dtd'>
<coverage branch-rate="0" line-rate="0.2848" timestamp="1416836397724" version="3.7.1">
	<!-- Generated by coverage.py: http://nedbatchelder.com/code/coverage -->
	<packages>
		<package branch-rate="0" complexity="0" line-rate="0" name="">
			<classes>
				<class branch-rate="0" complexity="0" filename="slipstream_occi/__init__.py" line-rate="0" name="slipstream_occi">
					<methods/>
					<lines/>
				</class>
			</classes>
		</package>
		<package branch-rate="0" complexity="0" line-rate="0.2848" name="slipstream_occi">
			<classes>
				<class branch-rate="0" complexity="0" filename="slipstream_occi/IPy.py" line-rate="0.2388" name="slipstream_occi.IPy">
					<methods/>
					<lines>
						<line hits="1" number="9"/>
						<line hits="1" number="11"/>
						<line hits="1" number="12"/>
						<line hits="1" number="13"/>
						<line hits="1" number="14"/>
						<line hits="1" number="19"/>
						<line hits="1" number="35"/>
						<line hits="1" number="118"/>
						<line hits="1" number="119"/>
						<line hits="1" number="120"/>
						<line hits="1" number="121"/>
						<line hits="1" number="123"/>
						<line hits="0" number="124"/>
						<line hits="0" number="125"/>
						<line hits="0" number="126"/>
						<line hits="1" number="128"/>
						<line hits="1" number="129"/>
						<line hits="1" number="132"/>
						<line hits="1" number="138"/>
						<line hits="1" number="168"/>
						<line hits="1" number="171"/>
						<line hits="1" number="173"/>
						<line hits="1" number="174"/>
						<line hits="1" number="177"/>
						<line hits="0" number="178"/>
						<line hits="0" number="179"/>
						<line hits="0" number="180"/>
						<line hits="0" number="181"/>
						<line hits="0" number="183"/>
						<line hits="0" number="184"/>
						<line hits="0" number="185"/>
						<line hits="0" number="186"/>
						<line hits="0" number="187"/>
						<line hits="0" number="188"/>
						<line hits="0" number="189"/>
						<line hits="0" number="190"/>
						<line hits="0" number="191"/>
						<line hits="0" number="193"/>
						<line hits="0" number="194"/>
						<line hits="0" number="195"/>
						<line hits="1" number="197"/>
						<line hits="0" number="198"/>
						<line hits="0" number="199"/>
						<line hits="0" number="200"/>
						<line hits="1" number="201"/>
						<line hits="1" number="204"/>
						<line hits="1" number="205"/>
						<line hits="0" number="207"/>
						<line hits="0" number="208"/>
						<line hits="0" number="209"/>
						<line hits="0" number="210"/>
						<line hits="0" number="211"/>
						<line hits="0" number="212"/>
						<line hits="0" number="213"/>
						<line hits="0" number="214"/>
						<line hits="0" number="215"/>
						<line hits="0" number="216"/>
						<line hits="0" number="217"/>
						<line hits="0" number="221"/>
						<line hits="0" number="222"/>
						<line hits="1" number="223"/>
						<line hits="1" number="224"/>
						<line hits="1" number="226"/>
						<line hits="1" number="227"/>
						<line hits="1" number="228"/>
						<line hits="0" number="229"/>
						<line hits="0" number="230"/>
						<line hits="0" number="232"/>
						<line hits="0" number="233"/>
						<line hits="0" number="236"/>
						<line hits="0" number="237"/>
						<line hits="0" number="238"/>
						<line hits="0" number="239"/>
						<line hits="0" number="240"/>
						<line hits="0" number="241"/>
						<line hits="0" number="243"/>
						<line hits="1" number="245"/>
						<line hits="1" number="246"/>
						<line hits="1" number="247"/>
						<line hits="1" number="248"/>
						<line hits="1" number="249"/>
						<line hits="1" number="250"/>
						<line hits="1" number="251"/>
						<line hits="1" number="252"/>
						<line hits="1" number="254"/>
						<line hits="0" number="255"/>
						<line hits="1" number="257"/>
						<line hits="0" number="259"/>
						<line hits="0" number="261"/>
						<line hits="1" number="263"/>
						<line hits="0" number="271"/>
						<line hits="1" number="273"/>
						<line hits="0" number="281"/>
						<line hits="1" number="283"/>
						<line hits="0" number="289"/>
						<line hits="1" number="291"/>
						<line hits="0" number="295"/>
						<line hits="1" number="297"/>
						<line hits="0" number="302"/>
						<line hits="1" number="304"/>
						<line hits="1" number="316"/>
						<line hits="1" number="318"/>
						<line hits="1" number="319"/>
						<line hits="1" number="320"/>
						<line hits="0" number="321"/>
						<line hits="0" number="322"/>
						<line hits="0" number="323"/>
						<line hits="1" number="324"/>
						<line hits="0" number="325"/>
						<line hits="0" number="327"/>
						<line hits="0" number="328"/>
						<line hits="0" number="329"/>
						<line hits="0" number="330"/>
						<line hits="0" number="331"/>
						<line hits="0" number="332"/>
						<line hits="0" number="335"/>
						<line hits="1" number="337"/>
						<line hits="1" number="346"/>
						<line hits="1" number="355"/>
						<line hits="1" number="356"/>
						<line hits="1" number="357"/>
						<line hits="1" number="358"/>
						<line hits="1" number="359"/>
						<line hits="1" number="361"/>
						<line hits="0" number="372"/>
						<line hits="0" number="373"/>
						<line hits="0" number="375"/>
						<line hits="0" number="376"/>
						<line hits="0" number="378"/>
						<line hits="0" number="379"/>
						<line hits="0" number="380"/>
						<line hits="0" number="381"/>
						<line hits="0" number="383"/>
						<line hits="0" number="386"/>
						<line hits="0" number="387"/>
						<line hits="0" number="388"/>
						<line hits="0" number="390"/>
						<line hits="0" number="391"/>
						<line hits="0" number="394"/>
						<line hits="0" number="395"/>
						<line hits="0" number="396"/>
						<line hits="0" number="397"/>
						<line hits="0" number="398"/>
						<line hits="0" number="399"/>
						<line hits="0" number="400"/>
						<line hits="0" number="401"/>
						<line hits="0" number="402"/>
						<line hits="0" number="404"/>
						<line hits="1" number="406"/>
						<line hits="0" number="415"/>
						<line hits="0" number="416"/>
						<line hits="0" number="418"/>
						<line hits="0" number="419"/>
						<line hits="0" number="420"/>
						<line hits="0" number="421"/>
						<line hits="0" number="423"/>
						<line hits="0" number="427"/>
						<line hits="1" number="429"/>
						<line hits="0" number="438"/>
						<line hits="0" number="439"/>
						<line hits="0" number="441"/>
						<line hits="1" number="443"/>
						<line hits="0" number="452"/>
						<line hits="0" number="453"/>
						<line hits="0" number="455"/>
						<line hits="0" number="456"/>
						<line hits="1" number="458"/>
						<line hits="0" number="467"/>
						<line hits="0" number="468"/>
						<line hits="0" number="470"/>
						<line hits="0" number="471"/>
						<line hits="1" number="473"/>
						<line hits="1" number="492"/>
						<line hits="1" number="493"/>
						<line hits="0" number="494"/>
						<line hits="0" number="495"/>
						<line hits="0" number="497"/>
						<line hits="1" number="499"/>
						<line hits="1" number="500"/>
						<line hits="1" number="501"/>
						<line hits="1" number="502"/>
						<line hits="0" number="503"/>
						<line hits="1" number="506"/>
						<line hits="0" number="514"/>
						<line hits="0" number="515"/>
						<line hits="0" number="517"/>
						<line hits="1" number="520"/>
						<line hits="0" number="531"/>
						<line hits="0" number="532"/>
						<line hits="0" number="533"/>
						<line hits="0" number="534"/>
						<line hits="0" number="535"/>
						<line hits="0" number="536"/>
						<line hits="1" number="538"/>
						<line hits="0" number="547"/>
						<line hits="0" number="548"/>
						<line hits="0" number="549"/>
						<line hits="1" number="552"/>
						<line hits="0" number="558"/>
						<line hits="1" number="561"/>
						<line hits="0" number="569"/>
						<line hits="1" number="571"/>
						<line hits="0" number="573"/>
						<line hits="0" number="574"/>
						<line hits="0" number="575"/>
						<line hits="0" number="576"/>
						<line hits="0" number="577"/>
						<line hits="0" number="578"/>
						<line hits="0" number="579"/>
						<line hits="0" number="581"/>
						<line hits="0" number="582"/>
						<line hits="0" number="583"/>
						<line hits="0" number="584"/>
						<line hits="0" number="585"/>
						<line hits="0" number="586"/>
						<line hits="0" number="588"/>
						<line hits="0" number="590"/>
						<line hits="1" number="592"/>
						<line hits="0" number="594"/>
						<line hits="1" number="596"/>
						<line hits="0" number="613"/>
						<line hits="0" number="614"/>
						<line hits="0" number="615"/>
						<line hits="0" number="616"/>
						<line hits="0" number="617"/>
						<line hits="0" number="618"/>
						<line hits="0" number="619"/>
						<line hits="0" number="621"/>
						<line hits="0" number="623"/>
						<line hits="0" number="624"/>
						<line hits="0" number="626"/>
						<line hits="1" number="630"/>
						<line hits="0" number="646"/>
						<line hits="0" number="647"/>
						<line hits="0" number="648"/>
						<line hits="0" number="650"/>
						<line hits="0" number="651"/>
						<line hits="0" number="652"/>
						<line hits="0" number="654"/>
						<line hits="1" number="657"/>
						<line hits="0" number="673"/>
						<line hits="0" number="674"/>
						<line hits="0" number="675"/>
						<line hits="0" number="676"/>
						<line hits="0" number="677"/>
						<line hits="0" number="678"/>
						<line hits="0" number="680"/>
						<line hits="1" number="683"/>
						<line hits="0" number="688"/>
						<line hits="1" number="691"/>
						<line hits="0" number="702"/>
						<line hits="1" number="705"/>
						<line hits="0" number="742"/>
						<line hits="0" number="743"/>
						<line hits="0" number="746"/>
						<line hits="0" number="747"/>
						<line hits="0" number="750"/>
						<line hits="0" number="751"/>
						<line hits="0" number="754"/>
						<line hits="0" number="755"/>
						<line hits="0" number="758"/>
						<line hits="1" number="760"/>
						<line hits="0" number="761"/>
						<line hits="0" number="762"/>
						<line hits="0" number="763"/>
						<line hits="1" number="765"/>
						<line hits="0" number="766"/>
						<line hits="1" number="768"/>
						<line hits="0" number="769"/>
						<line hits="1" number="771"/>
						<line hits="0" number="782"/>
						<line hits="0" number="783"/>
						<line hits="0" number="784"/>
						<line hits="0" number="785"/>
						<line hits="0" number="786"/>
						<line hits="0" number="787"/>
						<line hits="0" number="788"/>
						<line hits="1" number="791"/>
						<line hits="1" number="794"/>
						<line hits="0" number="802"/>
						<line hits="1" number="804"/>
						<line hits="0" number="812"/>
						<line hits="1" number="814"/>
						<line hits="0" number="820"/>
						<line hits="1" number="822"/>
						<line hits="0" number="823"/>
						<line hits="0" number="824"/>
						<line hits="0" number="825"/>
						<line hits="0" number="826"/>
						<line hits="0" number="827"/>
						<line hits="0" number="828"/>
						<line hits="0" number="829"/>
						<line hits="0" number="830"/>
						<line hits="1" number="832"/>
						<line hits="0" number="855"/>
						<line hits="0" number="856"/>
						<line hits="0" number="858"/>
						<line hits="0" number="859"/>
						<line hits="0" number="860"/>
						<line hits="0" number="861"/>
						<line hits="0" number="862"/>
						<line hits="0" number="863"/>
						<line hits="0" number="864"/>
						<line hits="0" number="865"/>
						<line hits="0" number="866"/>
						<line hits="0" number="868"/>
						<line hits="0" number="869"/>
						<line hits="0" number="870"/>
						<line hits="0" number="871"/>
						<line hits="0" number="872"/>
						<line hits="0" number="873"/>
						<line hits="0" number="874"/>
						<line hits="0" number="875"/>
						<line hits="0" number="876"/>
						<line hits="0" number="877"/>
						<line hits="0" number="878"/>
						<line hits="0" number="879"/>
						<line hits="0" number="880"/>
						<line hits="0" number="881"/>
						<line hits="0" number="882"/>
						<line hits="0" number="884"/>
						<line hits="1" number="886"/>
						<line hits="0" number="903"/>
						<line hits="0" number="904"/>
						<line hits="0" number="905"/>
						<line hits="0" number="906"/>
						<line hits="0" number="907"/>
						<line hits="0" number="908"/>
						<line hits="0" number="909"/>
						<line hits="0" number="910"/>
						<line hits="0" number="912"/>
						<line hits="0" number="914"/>
						<line hits="0" number="915"/>
						<line hits="0" number="917"/>
						<line hits="0" number="918"/>
						<line hits="0" number="919"/>
						<line hits="0" number="920"/>
						<line hits="0" number="921"/>
						<line hits="0" number="922"/>
						<line hits="0" number="923"/>
						<line hits="0" number="924"/>
						<line hits="0" number="926"/>
						<line hits="0" number="927"/>
						<line hits="0" number="928"/>
						<line hits="0" number="929"/>
						<line hits="0" number="930"/>
						<line hits="0" number="931"/>
						<line hits="0" number="933"/>
						<line hits="1" number="935"/>
						<line hits="0" number="944"/>
						<line hits="0" number="945"/>
						<line hits="0" number="946"/>
						<line hits="1" number="948"/>
						<line hits="0" number="964"/>
						<line hits="0" number="965"/>
						<line hits="0" number="966"/>
						<line hits="1" number="968"/>
						<line hits="0" number="975"/>
						<line hits="1" number="977"/>
						<line hits="0" number="985"/>
						<line hits="0" number="986"/>
						<line hits="0" number="987"/>
						<line hits="0" number="988"/>
						<line hits="0" number="989"/>
						<line hits="1" number="998"/>
						<line hits="0" number="1009"/>
						<line hits="0" number="1010"/>
						<line hits="0" number="1013"/>
						<line hits="0" number="1014"/>
						<line hits="0" number="1016"/>
						<line hits="1" number="1019"/>
						<line hits="1" number="1020"/>
						<line hits="0" number="1022"/>
						<line hits="0" number="1023"/>
						<line hits="0" number="1026"/>
						<line hits="0" number="1027"/>
						<line hits="0" number="1028"/>
						<line hits="0" number="1031"/>
						<line hits="0" number="1032"/>
						<line hits="1" number="1034"/>
						<line hits="0" number="1035"/>
						<line hits="0" number="1036"/>
						<line hits="0" number="1038"/>
						<line hits="0" number="1039"/>
						<line hits="0" number="1040"/>
						<line hits="0" number="1041"/>
						<line hits="0" number="1044"/>
						<line hits="0" number="1045"/>
						<line hits="0" number="1046"/>
						<line hits="0" number="1047"/>
						<line hits="1" number="1049"/>
						<line hits="0" number="1050"/>
						<line hits="0" number="1051"/>
						<line hits="1" number="1053"/>
						<line hits="0" number="1054"/>
						<line hits="1" number="1056"/>
						<line hits="0" number="1057"/>
						<line hits="1" number="1059"/>
						<line hits="0" number="1060"/>
						<line hits="0" number="1061"/>
						<line hits="0" number="1062"/>
						<line hits="0" number="1063"/>
						<line hits="1" number="1065"/>
						<line hits="0" number="1066"/>
						<line hits="1" number="1068"/>
						<line hits="0" number="1069"/>
						<line hits="1" number="1071"/>
						<line hits="0" number="1073"/>
						<line hits="0" number="1074"/>
						<line hits="0" number="1077"/>
						<line hits="0" number="1078"/>
						<line hits="0" number="1079"/>
						<line hits="0" number="1082"/>
						<line hits="0" number="1083"/>
						<line hits="1" number="1085"/>
						<line hits="0" number="1087"/>
						<line hits="0" number="1088"/>
						<line hits="0" number="1091"/>
						<line hits="0" number="1092"/>
						<line hits="0" number="1095"/>
						<line hits="0" number="1096"/>
						<line hits="0" number="1097"/>
						<line hits="0" number="1100"/>
						<line hits="0" number="1101"/>
						<line hits="0" number="1102"/>
						<line hits="0" number="1103"/>
						<line hits="0" number="1104"/>
						<line hits="0" number="1105"/>
						<line hits="0" number="1106"/>
						<line hits="0" number="1108"/>
						<line hits="0" number="1111"/>
						<line hits="0" number="1114"/>
						<line hits="0" number="1115"/>
						<line hits="0" number="1116"/>
						<line hits="0" number="1117"/>
						<line hits="0" number="1118"/>
						<line hits="0" number="1120"/>
						<line hits="1" number="1122"/>
						<line hits="0" number="1124"/>
						<line hits="0" number="1127"/>
						<line hits="0" number="1128"/>
						<line hits="0" number="1129"/>
						<line hits="0" number="1132"/>
						<line hits="0" number="1133"/>
						<line hits="0" number="1135"/>
						<line hits="0" number="1136"/>
						<line hits="0" number="1139"/>
						<line hits="0" number="1142"/>
						<line hits="0" number="1143"/>
						<line hits="0" number="1146"/>
						<line hits="0" number="1150"/>
						<line hits="0" number="1154"/>
						<line hits="0" number="1155"/>
						<line hits="0" number="1156"/>
						<line hits="0" number="1157"/>
						<line hits="0" number="1159"/>
						<line hits="0" number="1162"/>
						<line hits="0" number="1163"/>
						<line hits="0" number="1164"/>
						<line hits="0" number="1165"/>
						<line hits="0" number="1166"/>
						<line hits="0" number="1168"/>
						<line hits="0" number="1172"/>
						<line hits="0" number="1173"/>
						<line hits="0" number="1174"/>
						<line hits="0" number="1175"/>
						<line hits="0" number="1176"/>
						<line hits="0" number="1177"/>
						<line hits="1" number="1179"/>
						<line hits="0" number="1233"/>
						<line hits="0" number="1234"/>
						<line hits="0" number="1235"/>
						<line hits="0" number="1236"/>
						<line hits="0" number="1237"/>
						<line hits="0" number="1238"/>
						<line hits="0" number="1239"/>
						<line hits="0" number="1241"/>
						<line hits="0" number="1242"/>
						<line hits="0" number="1243"/>
						<line hits="0" number="1244"/>
						<line hits="0" number="1245"/>
						<line hits="0" number="1246"/>
						<line hits="0" number="1248"/>
						<line hits="0" number="1249"/>
						<line hits="0" number="1250"/>
						<line hits="0" number="1251"/>
						<line hits="0" number="1252"/>
						<line hits="0" number="1254"/>
						<line hits="0" number="1256"/>
						<line hits="0" number="1258"/>
						<line hits="0" number="1260"/>
						<line hits="0" number="1261"/>
						<line hits="0" number="1263"/>
						<line hits="0" number="1265"/>
						<line hits="0" number="1267"/>
						<line hits="0" number="1268"/>
						<line hits="0" number="1269"/>
						<line hits="0" number="1273"/>
						<line hits="0" number="1274"/>
						<line hits="0" number="1275"/>
						<line hits="0" number="1276"/>
						<line hits="0" number="1277"/>
						<line hits="0" number="1280"/>
						<line hits="0" number="1282"/>
						<line hits="0" number="1285"/>
						<line hits="0" number="1286"/>
						<line hits="0" number="1287"/>
						<line hits="0" number="1288"/>
						<line hits="0" number="1289"/>
						<line hits="0" number="1290"/>
						<line hits="0" number="1291"/>
						<line hits="0" number="1292"/>
						<line hits="0" number="1293"/>
						<line hits="0" number="1294"/>
						<line hits="0" number="1295"/>
						<line hits="0" number="1296"/>
						<line hits="0" number="1297"/>
						<line hits="1" number="1299"/>
						<line hits="1" number="1344"/>
						<line hits="1" number="1345"/>
						<line hits="1" number="1346"/>
						<line hits="1" number="1347"/>
						<line hits="1" number="1348"/>
						<line hits="1" number="1349"/>
						<line hits="1" number="1350"/>
						<line hits="1" number="1351"/>
						<line hits="1" number="1353"/>
						<line hits="0" number="1354"/>
						<line hits="0" number="1355"/>
						<line hits="0" number="1356"/>
						<line hits="0" number="1357"/>
						<line hits="0" number="1359"/>
						<line hits="1" number="1361"/>
						<line hits="0" number="1362"/>
						<line hits="1" number="1364"/>
						<line hits="0" number="1366"/>
						<line hits="1" number="1368"/>
						<line hits="1" number="1370"/>
						<line hits="1" number="1371"/>
						<line hits="0" number="1372"/>
						<line hits="1" number="1373"/>
						<line hits="1" number="1374"/>
						<line hits="1" number="1375"/>
						<line hits="1" number="1376"/>
						<line hits="0" number="1377"/>
						<line hits="1" number="1378"/>
						<line hits="0" number="1380"/>
						<line hits="0" number="1384"/>
						<line hits="0" number="1385"/>
						<line hits="0" number="1386"/>
						<line hits="0" number="1387"/>
						<line hits="0" number="1389"/>
						<line hits="0" number="1391"/>
						<line hits="1" number="1394"/>
						<line hits="0" number="1398"/>
						<line hits="0" number="1400"/>
						<line hits="0" number="1401"/>
						<line hits="0" number="1403"/>
						<line hits="0" number="1404"/>
						<line hits="0" number="1405"/>
						<line hits="0" number="1406"/>
						<line hits="0" number="1407"/>
						<line hits="0" number="1408"/>
						<line hits="0" number="1409"/>
						<line hits="0" number="1410"/>
						<line hits="0" number="1411"/>
						<line hits="0" number="1412"/>
						<line hits="0" number="1413"/>
						<line hits="0" number="1414"/>
						<line hits="0" number="1415"/>
						<line hits="0" number="1416"/>
						<line hits="0" number="1417"/>
						<line hits="0" number="1418"/>
						<line hits="0" number="1419"/>
						<line hits="0" number="1421"/>
						<line hits="0" number="1423"/>
						<line hits="1" number="1425"/>
						<line hits="1" number="1440"/>
						<line hits="1" number="1441"/>
						<line hits="0" number="1442"/>
						<line hits="0" number="1443"/>
						<line hits="0" number="1445"/>
						<line hits="1" number="1448"/>
						<line hits="0" number="1450"/>
						<line hits="0" number="1451"/>
						<line hits="0" number="1452"/>
						<line hits="0" number="1453"/>
						<line hits="0" number="1455"/>
						<line hits="1" number="1458"/>
						<line hits="1" number="1463"/>
						<line hits="1" number="1466"/>
						<line hits="0" number="1467"/>
						<line hits="1" number="1468"/>
						<line hits="1" number="1469"/>
						<line hits="1" number="1470"/>
						<line hits="1" number="1471"/>
						<line hits="1" number="1473"/>
						<line hits="0" number="1474"/>
						<line hits="1" number="1475"/>
						<line hits="1" number="1477"/>
						<line hits="0" number="1479"/>
						<line hits="0" number="1480"/>
						<line hits="0" number="1481"/>
						<line hits="0" number="1482"/>
						<line hits="0" number="1483"/>
						<line hits="1" number="1485"/>
						<line hits="0" number="1489"/>
						<line hits="0" number="1490"/>
						<line hits="0" number="1491"/>
						<line hits="0" number="1492"/>
						<line hits="0" number="1493"/>
						<line hits="0" number="1494"/>
						<line hits="0" number="1495"/>
						<line hits="0" number="1496"/>
						<line hits="0" number="1497"/>
						<line hits="0" number="1498"/>
						<line hits="1" number="1501"/>
						<line hits="0" number="1518"/>
						<line hits="0" number="1520"/>
						<line hits="0" number="1521"/>
						<line hits="0" number="1523"/>
						<line hits="0" number="1524"/>
						<line hits="0" number="1526"/>
						<line hits="0" number="1527"/>
						<line hits="0" number="1528"/>
						<line hits="0" number="1530"/>
						<line hits="1" number="1533"/>
						<line hits="0" number="1536"/>
						<line hits="0" number="1537"/>
						<line hits="0" number="1540"/>
						<line hits="0" number="1541"/>
						<line hits="0" number="1542"/>
						<line hits="0" number="1543"/>
						<line hits="0" number="1544"/>
						<line hits="0" number="1546"/>
						<line hits="0" number="1547"/>
						<line hits="0" number="1548"/>
						<line hits="0" number="1549"/>
						<line hits="0" number="1550"/>
						<line hits="1" number="1553"/>
						<line hits="1" number="1555"/>
						<line hits="1" number="1556"/>
						<line hits="0" number="1557"/>
						<line hits="0" number="1558"/>
						<line hits="1" number="1561"/>
						<line hits="0" number="1567"/>
						<line hits="0" number="1568"/>
						<line hits="0" number="1569"/>
						<line hits="0" number="1570"/>
						<line hits="1" number="1573"/>
						<line hits="1" number="1580"/>
						<line hits="0" number="1581"/>
						<line hits="1" number="1582"/>
						<line hits="0" number="1583"/>
						<line hits="1" number="1584"/>
						<line hits="1" number="1587"/>
						<line hits="0" number="1588"/>
						<line hits="0" number="1590"/>
						<line hits="0" number="1592"/>
						<line hits="0" number="1594"/>
						<line hits="0" number="1597"/>
						<line hits="0" number="1601"/>
						<line hits="0" number="1602"/>
						<line hits="0" number="1604"/>
						<line hits="1" number="1607"/>
						<line hits="0" number="1608"/>
						<line hits="0" number="1609"/>
						<line hits="0" number="1610"/>
						<line hits="0" number="1611"/>
						<line hits="0" number="1612"/>
					</lines>
				</class>
				<class branch-rate="0" complexity="0" filename="slipstream_occi/OcciClientCloud.py" line-rate="0.3927" name="slipstream_occi.OcciClientCloud">
					<methods/>
					<lines>
						<line hits="1" number="19"/>
						<line hits="1" number="20"/>
						<line hits="1" number="21"/>
						<line hits="1" number="22"/>
						<line hits="1" number="24"/>
						<line hits="1" number="25"/>
						<line hits="1" number="26"/>
						<line hits="1" number="27"/>
						<line hits="1" number="28"/>
						<line hits="1" number="29"/>
						<line hits="1" number="33"/>
						<line hits="0" number="34"/>
						<line hits="1" number="37"/>
						<line hits="1" number="38"/>
						<line hits="1" number="41"/>
						<line hits="1" number="42"/>
						<line hits="1" number="45"/>
						<line hits="1" number="46"/>
						<line hits="1" number="49"/>
						<line hits="1" number="50"/>
						<line hits="1" number="53"/>
						<line hits="1" number="55"/>
						<line hits="1" number="57"/>
						<line hits="1" number="59"/>
						<line hits="1" number="61"/>
						<line hits="1" number="63"/>
						<line hits="1" number="65"/>
						<line hits="1" number="67"/>
						<line hits="1" number="69"/>
						<line hits="1" number="71"/>
						<line hits="1" number="73"/>
						<line hits="0" number="75"/>
						<line hits="0" number="76"/>
						<line hits="0" number="77"/>
						<line hits="0" number="78"/>
						<line hits="1" number="80"/>
						<line hits="0" number="83"/>
						<line hits="0" number="84"/>
						<line hits="0" number="85"/>
						<line hits="0" number="86"/>
						<line hits="0" number="87"/>
						<line hits="0" number="88"/>
						<line hits="0" number="89"/>
						<line hits="0" number="90"/>
						<line hits="0" number="91"/>
						<line hits="0" number="92"/>
						<line hits="0" number="93"/>
						<line hits="0" number="95"/>
						<line hits="0" number="96"/>
						<line hits="0" number="97"/>
						<line hits="0" number="98"/>
						<line hits="0" number="100"/>
						<line hits="0" number="101"/>
						<line hits="1" number="103"/>
						<line hits="0" number="104"/>
						<line hits="1" number="107"/>
						<line hits="0" number="108"/>
						<line hits="0" number="109"/>
						<line hits="0" number="110"/>
						<line hits="0" number="111"/>
						<line hits="1" number="113"/>
						<line hits="0" number="115"/>
						<line hits="0" number="116"/>
						<line hits="0" number="117"/>
						<line hits="0" number="118"/>
						<line hits="1" number="120"/>
						<line hits="1" number="121"/>
						<line hits="1" number="123"/>
						<line hits="1" number="129"/>
						<line hits="1" number="130"/>
						<line hits="1" number="131"/>
						<line hits="0" number="132"/>
						<line hits="1" number="134"/>
						<line hits="1" number="135"/>
						<line hits="1" number="136"/>
						<line hits="1" number="137"/>
						<line hits="1" number="138"/>
						<line hits="1" number="139"/>
						<line hits="0" number="141"/>
						<line hits="1" number="143"/>
						<line hits="0" number="144"/>
						<line hits="0" number="146"/>
						<line hits="0" number="147"/>
						<line hits="0" number="148"/>
						<line hits="0" number="149"/>
						<line hits="1" number="151"/>
						<line hits="0" number="155"/>
						<line hits="0" number="156"/>
						<line hits="0" number="157"/>
						<line hits="0" number="158"/>
						<line hits="0" number="161"/>
						<line hits="0" number="162"/>
						<line hits="0" number="164"/>
						<line hits="0" number="165"/>
						<line hits="0" number="166"/>
						<line hits="0" number="167"/>
						<line hits="0" number="168"/>
						<line hits="0" number="169"/>
						<line hits="0" number="170"/>
						<line hits="0" number="171"/>
						<line hits="0" number="172"/>
						<line hits="0" number="173"/>
						<line hits="0" number="174"/>
						<line hits="0" number="175"/>
						<line hits="0" number="176"/>
						<line hits="0" number="177"/>
						<line hits="1" number="179"/>
						<line hits="0" number="180"/>
						<line hits="0" number="181"/>
						<line hits="0" number="182"/>
						<line hits="0" number="183"/>
						<line hits="1" number="185"/>
						<line hits="0" number="186"/>
						<line hits="0" number="187"/>
						<line hits="1" number="189"/>
						<line hits="0" number="190"/>
						<line hits="1" number="192"/>
						<line hits="0" number="193"/>
						<line hits="0" number="194"/>
						<line hits="0" number="195"/>
						<line hits="0" number="196"/>
						<line hits="0" number="197"/>
						<line hits="0" number="198"/>
						<line hits="0" number="199"/>
						<line hits="0" number="200"/>
						<line hits="0" number="202"/>
						<line hits="0" number="203"/>
						<line hits="0" number="204"/>
						<line hits="0" number="205"/>
						<line hits="1" number="209"/>
						<line hits="0" number="215"/>
						<line hits="0" number="217"/>
						<line hits="0" number="218"/>
						<line hits="0" number="220"/>
						<line hits="0" number="226"/>
						<line hits="1" number="228"/>
						<line hits="0" number="231"/>
						<line hits="0" number="232"/>
						<line hits="1" number="234"/>
						<line hits="0" number="237"/>
						<line hits="1" number="239"/>
						<line hits="0" number="241"/>
						<line hits="0" number="242"/>
						<line hits="0" number="243"/>
						<line hits="0" number="244"/>
						<line hits="1" number="246"/>
						<line hits="0" number="249"/>
						<line hits="1" number="251"/>
						<line hits="0" number="254"/>
						<line hits="0" number="257"/>
						<line hits="0" number="281"/>
						<line hits="1" number="283"/>
						<line hits="0" number="287"/>
						<line hits="0" number="288"/>
						<line hits="0" number="289"/>
						<line hits="0" number="307"/>
						<line hits="1" number="309"/>
						<line hits="0" number="311"/>
						<line hits="0" number="320"/>
						<line hits="1" number="322"/>
						<line hits="0" number="325"/>
						<line hits="0" number="326"/>
						<line hits="0" number="327"/>
						<line hits="0" number="328"/>
						<line hits="0" number="329"/>
						<line hits="0" number="330"/>
						<line hits="0" number="331"/>
						<line hits="0" number="332"/>
						<line hits="0" number="333"/>
						<line hits="1" number="335"/>
						<line hits="0" number="336"/>
						<line hits="0" number="337"/>
						<line hits="0" number="340"/>
						<line hits="0" number="341"/>
						<line hits="0" number="342"/>
						<line hits="1" number="344"/>
						<line hits="0" number="347"/>
						<line hits="0" number="348"/>
						<line hits="0" number="349"/>
						<line hits="0" number="351"/>
						<line hits="1" number="353"/>
						<line hits="1" number="357"/>
						<line hits="1" number="358"/>
						<line hits="1" number="359"/>
						<line hits="1" number="360"/>
						<line hits="1" number="361"/>
						<line hits="1" number="363"/>
						<line hits="1" number="365"/>
						<line hits="1" number="367"/>
						<line hits="1" number="369"/>
						<line hits="1" number="371"/>
						<line hits="0" number="372"/>
						<line hits="0" number="373"/>
						<line hits="0" number="374"/>
						<line hits="0" number="375"/>
						<line hits="1" number="377"/>
						<line hits="0" number="378"/>
						<line hits="0" number="379"/>
						<line hits="1" number="381"/>
						<line hits="0" number="382"/>
						<line hits="1" number="384"/>
						<line hits="0" number="385"/>
						<line hits="1" number="387"/>
						<line hits="1" number="390"/>
						<line hits="0" number="391"/>
						<line hits="1" number="393"/>
						<line hits="1" number="395"/>
						<line hits="0" number="398"/>
						<line hits="0" number="399"/>
						<line hits="0" number="400"/>
						<line hits="0" number="401"/>
						<line hits="1" number="403"/>
						<line hits="0" number="406"/>
						<line hits="0" number="407"/>
						<line hits="1" number="409"/>
						<line hits="1" number="412"/>
						<line hits="1" number="413"/>
						<line hits="1" number="418"/>
						<line hits="0" number="420"/>
					</lines>
				</class>
				<class branch-rate="0" complexity="0" filename="slipstream_occi/OcciDriver.py" line-rate="0.3678" name="slipstream_occi.OcciDriver">
					<methods/>
					<lines>
						<line hits="1" number="19"/>
						<line hits="1" number="20"/>
						<line hits="1" number="22"/>
						<line hits="1" number="23"/>
						<line hits="1" number="26"/>
						<line hits="1" number="27"/>
						<line hits="1" number="30"/>
						<line hits="1" number="32"/>
						<line hits="1" number="33"/>
						<line hits="1" number="34"/>
						<line hits="1" number="35"/>
						<line hits="1" number="37"/>
						<line hits="1" number="39"/>
						<line hits="0" number="40"/>
						<line hits="0" number="41"/>
						<line hits="0" number="42"/>
						<line hits="0" number="43"/>
						<line hits="0" number="44"/>
						<line hits="0" number="45"/>
						<line hits="1" number="48"/>
						<line hits="0" number="53"/>
						<line hits="0" number="54"/>
						<line hits="0" number="55"/>
						<line hits="0" number="56"/>
						<line hits="1" number="64"/>
						<line hits="0" number="70"/>
						<line hits="0" number="72"/>
						<line hits="0" number="73"/>
						<line hits="1" number="75"/>
						<line hits="0" number="79"/>
						<line hits="0" number="81"/>
						<line hits="0" number="82"/>
						<line hits="0" number="83"/>
						<line hits="1" number="87"/>
						<line hits="0" number="90"/>
						<line hits="1" number="93"/>
						<line hits="0" number="96"/>
						<line hits="1" number="98"/>
						<line hits="0" number="101"/>
						<line hits="1" number="103"/>
						<line hits="0" number="107"/>
						<line hits="0" number="108"/>
						<line hits="0" number="110"/>
						<line hits="0" number="111"/>
						<line hits="1" number="114"/>
						<line hits="0" number="117"/>
						<line hits="1" number="120"/>
						<line hits="0" number="123"/>
						<line hits="0" number="124"/>
						<line hits="0" number="125"/>
						<line hits="0" number="126"/>
						<line hits="0" number="127"/>
						<line hits="1" number="131"/>
						<line hits="0" number="134"/>
						<line hits="0" number="135"/>
						<line hits="0" number="136"/>
						<line hits="0" number="137"/>
						<line hits="0" number="138"/>
						<line hits="1" number="142"/>
						<line hits="0" number="143"/>
						<line hits="1" number="145"/>
						<line hits="0" number="146"/>
						<line hits="1" number="148"/>
						<line hits="0" number="149"/>
						<line hits="0" number="150"/>
						<line hits="0" number="151"/>
						<line hits="1" number="154"/>
						<line hits="0" number="158"/>
						<line hits="0" number="166"/>
						<line hits="0" number="168"/>
						<line hits="0" number="169"/>
						<line hits="0" number="170"/>
						<line hits="0" number="172"/>
						<line hits="1" number="174"/>
						<line hits="0" number="175"/>
						<line hits="0" number="176"/>
						<line hits="1" number="179"/>
						<line hits="0" number="180"/>
						<line hits="0" number="181"/>
						<line hits="0" number="182"/>
						<line hits="0" number="183"/>
						<line hits="1" number="185"/>
						<line hits="0" number="186"/>
						<line hits="1" number="188"/>
						<line hits="0" number="192"/>
						<line hits="1" number="194"/>
						<line hits="0" number="195"/>
					</lines>
				</class>
			</classes>
		</package>
	</packages>
</coverage>
